ISim log file
Running: C:\Users\eckelsjd\Documents\RHIT - Sophomore\CSSE 132\Lab\1819a-csse132-eckelsjd\lab02\work\alu_4b_tb_isim_beh.exe -intstyle ise -gui -tclbatch isim.cmd -wdb C:/Users/eckelsjd/Documents/RHIT - Sophomore/CSSE 132/Lab/1819a-csse132-eckelsjd/lab02/work/alu_4b_tb_isim_beh.wdb 
ISim P.20131013 (signature 0x7708f090)
----------------------------------------------------------------------
INFO:Security:50 - The XILINXD_LICENSE_FILE environment variable is set to '2100@ise.csse.rose-hulman.edu'.
INFO:Security:53 - The LM_LICENSE_FILE environment variable is not set.
WARNING:Security:43 - No license file was found in the standard Xilinx license directory.
WARNING:Security:44 - Since no license file was found,
       please run the Xilinx License Configuration Manager
       (xlcm or "Manage Xilinx Licenses")
       to assist in obtaining a license.
WARNING:Security:42 - Your software subscription period has lapsed. Your current version of Xilinx tools will continue to function, but you no longer qualify for Xilinx software updates or new releases.


----------------------------------------------------------------------
This is a Full version of ISim.
Time resolution is 1 ps
# onerror resume
# wave add /
# run 1000 ns
Simulator is doing circuit initialization process.
Finished circuit initialization process.
Passed AND : count =           0
Passed AND : count =           1
Passed AND : count =           2
Passed AND : count =           3
Passed AND : count =           4
Passed AND : count =           5
Passed AND : count =           6
Passed AND : count =           7
Passed AND : count =           8
Passed AND : count =           9
Passed AND : count =          10
Passed AND : count =          11
Passed AND : count =          12
Passed AND : count =          13
Passed AND : count =          14
Passed AND : count =          15
Passed AND : count =          16
Passed AND : count =          17
Passed AND : count =          18
Passed AND : count =          19
Passed AND : count =          20
Passed AND : count =          21
Passed AND : count =          22
Passed AND : count =          23
Passed AND : count =          24
Passed AND : count =          25
Passed AND : count =          26
Passed AND : count =          27
Passed AND : count =          28
Passed AND : count =          29
Passed AND : count =          30
Passed AND : count =          31
Passed AND : count =          32
Passed AND : count =          33
Passed AND : count =          34
Passed AND : count =          35
Passed AND : count =          36
Passed AND : count =          37
Passed AND : count =          38
Passed AND : count =          39
Passed AND : count =          40
Passed AND : count =          41
Passed AND : count =          42
Passed AND : count =          43
Passed AND : count =          44
Passed AND : count =          45
Passed AND : count =          46
Passed AND : count =          47
Passed AND : count =          48
Passed AND : count =          49
Passed AND : count =          50
Passed AND : count =          51
Passed AND : count =          52
Passed AND : count =          53
Passed AND : count =          54
Passed AND : count =          55
Passed AND : count =          56
Passed AND : count =          57
Passed AND : count =          58
Passed AND : count =          59
Passed AND : count =          60
Passed AND : count =          61
Passed AND : count =          62
Passed AND : count =          63
Passed AND : count =          64
Passed AND : count =          65
Passed AND : count =          66
Passed AND : count =          67
Passed AND : count =          68
Passed AND : count =          69
Passed AND : count =          70
Passed AND : count =          71
Passed AND : count =          72
Passed AND : count =          73
Passed AND : count =          74
Passed AND : count =          75
Passed AND : count =          76
Passed AND : count =          77
Passed AND : count =          78
Passed AND : count =          79
Passed AND : count =          80
Passed AND : count =          81
Passed AND : count =          82
Passed AND : count =          83
Passed AND : count =          84
Passed AND : count =          85
Passed AND : count =          86
Passed AND : count =          87
Passed AND : count =          88
Passed AND : count =          89
Passed AND : count =          90
Passed AND : count =          91
Passed AND : count =          92
Passed AND : count =          93
Passed AND : count =          94
Passed AND : count =          95
Passed AND : count =          96
Passed AND : count =          97
Passed AND : count =          98
Passed AND : count =          99
Passed AND : count =         100
Passed AND : count =         101
Passed AND : count =         102
Passed AND : count =         103
Passed AND : count =         104
Passed AND : count =         105
Passed AND : count =         106
Passed AND : count =         107
Passed AND : count =         108
Passed AND : count =         109
Passed AND : count =         110
Passed AND : count =         111
Passed AND : count =         112
Passed AND : count =         113
Passed AND : count =         114
Passed AND : count =         115
Passed AND : count =         116
Passed AND : count =         117
Passed AND : count =         118
Passed AND : count =         119
Passed AND : count =         120
Passed AND : count =         121
Passed AND : count =         122
Passed AND : count =         123
Passed AND : count =         124
Passed AND : count =         125
Passed AND : count =         126
Passed AND : count =         127
Passed AND : count =         128
Passed AND : count =         129
Passed AND : count =         130
Passed AND : count =         131
Passed AND : count =         132
Passed AND : count =         133
Passed AND : count =         134
Passed AND : count =         135
Passed AND : count =         136
Passed AND : count =         137
Passed AND : count =         138
Passed AND : count =         139
Passed AND : count =         140
Passed AND : count =         141
Passed AND : count =         142
Passed AND : count =         143
Passed AND : count =         144
Passed AND : count =         145
Passed AND : count =         146
Passed AND : count =         147
Passed AND : count =         148
Passed AND : count =         149
Passed AND : count =         150
Passed AND : count =         151
Passed AND : count =         152
Passed AND : count =         153
Passed AND : count =         154
Passed AND : count =         155
Passed AND : count =         156
Passed AND : count =         157
Passed AND : count =         158
Passed AND : count =         159
Passed AND : count =         160
Passed AND : count =         161
Passed AND : count =         162
Passed AND : count =         163
Passed AND : count =         164
Passed AND : count =         165
Passed AND : count =         166
Passed AND : count =         167
Passed AND : count =         168
Passed AND : count =         169
Passed AND : count =         170
Passed AND : count =         171
Passed AND : count =         172
Passed AND : count =         173
Passed AND : count =         174
Passed AND : count =         175
Passed AND : count =         176
Passed AND : count =         177
Passed AND : count =         178
Passed AND : count =         179
Passed AND : count =         180
Passed AND : count =         181
Passed AND : count =         182
Passed AND : count =         183
Passed AND : count =         184
Passed AND : count =         185
Passed AND : count =         186
Passed AND : count =         187
Passed AND : count =         188
Passed AND : count =         189
Passed AND : count =         190
Passed AND : count =         191
Passed AND : count =         192
Passed AND : count =         193
Passed AND : count =         194
Passed AND : count =         195
Passed AND : count =         196
Passed AND : count =         197
Passed AND : count =         198
Passed AND : count =         199
Passed AND : count =         200
Passed AND : count =         201
Passed AND : count =         202
Passed AND : count =         203
Passed AND : count =         204
Passed AND : count =         205
Passed AND : count =         206
Passed AND : count =         207
Passed AND : count =         208
Passed AND : count =         209
Passed AND : count =         210
Passed AND : count =         211
Passed AND : count =         212
Passed AND : count =         213
Passed AND : count =         214
Passed AND : count =         215
Passed AND : count =         216
Passed AND : count =         217
Passed AND : count =         218
Passed AND : count =         219
Passed AND : count =         220
Passed AND : count =         221
Passed AND : count =         222
Passed AND : count =         223
Passed AND : count =         224
Passed AND : count =         225
Passed AND : count =         226
Passed AND : count =         227
Passed AND : count =         228
Passed AND : count =         229
Passed AND : count =         230
Passed AND : count =         231
Passed AND : count =         232
Passed AND : count =         233
Passed AND : count =         234
Passed AND : count =         235
Passed AND : count =         236
Passed AND : count =         237
Passed AND : count =         238
Passed AND : count =         239
Passed AND : count =         240
Passed AND : count =         241
Passed AND : count =         242
Passed AND : count =         243
Passed AND : count =         244
Passed AND : count =         245
Passed AND : count =         246
Passed AND : count =         247
Passed AND : count =         248
Passed AND : count =         249
Passed AND : count =         250
Passed AND : count =         251
Passed AND : count =         252
Passed AND : count =         253
Passed AND : count =         254
Passed AND : count =         255
 
 
Passed OR : count =          0
Passed OR : count =          1
Passed OR : count =          2
Passed OR : count =          3
Passed OR : count =          4
Passed OR : count =          5
Passed OR : count =          6
Passed OR : count =          7
Passed OR : count =          8
Passed OR : count =          9
Passed OR : count =         10
Passed OR : count =         11
Passed OR : count =         12
Passed OR : count =         13
Passed OR : count =         14
Passed OR : count =         15
Passed OR : count =         16
Passed OR : count =         17
Passed OR : count =         18
Passed OR : count =         19
Passed OR : count =         20
Passed OR : count =         21
Passed OR : count =         22
Passed OR : count =         23
Passed OR : count =         24
Passed OR : count =         25
Passed OR : count =         26
Passed OR : count =         27
Passed OR : count =         28
Passed OR : count =         29
Passed OR : count =         30
Passed OR : count =         31
Passed OR : count =         32
Passed OR : count =         33
Passed OR : count =         34
Passed OR : count =         35
Passed OR : count =         36
Passed OR : count =         37
Passed OR : count =         38
Passed OR : count =         39
Passed OR : count =         40
Passed OR : count =         41
Passed OR : count =         42
Passed OR : count =         43
Passed OR : count =         44
Passed OR : count =         45
Passed OR : count =         46
Passed OR : count =         47
Passed OR : count =         48
Passed OR : count =         49
Passed OR : count =         50
Passed OR : count =         51
Passed OR : count =         52
Passed OR : count =         53
Passed OR : count =         54
Passed OR : count =         55
Passed OR : count =         56
Passed OR : count =         57
Passed OR : count =         58
Passed OR : count =         59
Passed OR : count =         60
Passed OR : count =         61
Passed OR : count =         62
Passed OR : count =         63
Passed OR : count =         64
Passed OR : count =         65
Passed OR : count =         66
Passed OR : count =         67
Passed OR : count =         68
Passed OR : count =         69
Passed OR : count =         70
Passed OR : count =         71
Passed OR : count =         72
Passed OR : count =         73
Passed OR : count =         74
Passed OR : count =         75
Passed OR : count =         76
Passed OR : count =         77
Passed OR : count =         78
Passed OR : count =         79
Passed OR : count =         80
Passed OR : count =         81
Passed OR : count =         82
Passed OR : count =         83
Passed OR : count =         84
Passed OR : count =         85
Passed OR : count =         86
Passed OR : count =         87
Passed OR : count =         88
Passed OR : count =         89
Passed OR : count =         90
Passed OR : count =         91
Passed OR : count =         92
Passed OR : count =         93
Passed OR : count =         94
Passed OR : count =         95
Passed OR : count =         96
Passed OR : count =         97
Passed OR : count =         98
Passed OR : count =         99
Passed OR : count =        100
Passed OR : count =        101
Passed OR : count =        102
Passed OR : count =        103
Passed OR : count =        104
Passed OR : count =        105
Passed OR : count =        106
Passed OR : count =        107
Passed OR : count =        108
Passed OR : count =        109
Passed OR : count =        110
Passed OR : count =        111
Passed OR : count =        112
Passed OR : count =        113
Passed OR : count =        114
Passed OR : count =        115
Passed OR : count =        116
Passed OR : count =        117
Passed OR : count =        118
Passed OR : count =        119
Passed OR : count =        120
Passed OR : count =        121
Passed OR : count =        122
Passed OR : count =        123
Passed OR : count =        124
Passed OR : count =        125
Passed OR : count =        126
Passed OR : count =        127
Passed OR : count =        128
Passed OR : count =        129
Passed OR : count =        130
Passed OR : count =        131
Passed OR : count =        132
Passed OR : count =        133
Passed OR : count =        134
Passed OR : count =        135
Passed OR : count =        136
Passed OR : count =        137
Passed OR : count =        138
Passed OR : count =        139
Passed OR : count =        140
Passed OR : count =        141
Passed OR : count =        142
Passed OR : count =        143
Passed OR : count =        144
Passed OR : count =        145
Passed OR : count =        146
Passed OR : count =        147
Passed OR : count =        148
Passed OR : count =        149
Passed OR : count =        150
Passed OR : count =        151
Passed OR : count =        152
Passed OR : count =        153
Passed OR : count =        154
Passed OR : count =        155
Passed OR : count =        156
Passed OR : count =        157
Passed OR : count =        158
Passed OR : count =        159
Passed OR : count =        160
Passed OR : count =        161
Passed OR : count =        162
Passed OR : count =        163
Passed OR : count =        164
Passed OR : count =        165
Passed OR : count =        166
Passed OR : count =        167
Passed OR : count =        168
Passed OR : count =        169
Passed OR : count =        170
Passed OR : count =        171
Passed OR : count =        172
Passed OR : count =        173
Passed OR : count =        174
Passed OR : count =        175
Passed OR : count =        176
Passed OR : count =        177
Passed OR : count =        178
Passed OR : count =        179
Passed OR : count =        180
Passed OR : count =        181
Passed OR : count =        182
Passed OR : count =        183
Passed OR : count =        184
Passed OR : count =        185
Passed OR : count =        186
Passed OR : count =        187
Passed OR : count =        188
Passed OR : count =        189
Passed OR : count =        190
Passed OR : count =        191
Passed OR : count =        192
Passed OR : count =        193
Passed OR : count =        194
Passed OR : count =        195
Passed OR : count =        196
Passed OR : count =        197
Passed OR : count =        198
Passed OR : count =        199
Passed OR : count =        200
Passed OR : count =        201
Passed OR : count =        202
Passed OR : count =        203
Passed OR : count =        204
Passed OR : count =        205
Passed OR : count =        206
Passed OR : count =        207
Passed OR : count =        208
Passed OR : count =        209
Passed OR : count =        210
Passed OR : count =        211
Passed OR : count =        212
Passed OR : count =        213
Passed OR : count =        214
Passed OR : count =        215
Passed OR : count =        216
Passed OR : count =        217
Passed OR : count =        218
Passed OR : count =        219
Passed OR : count =        220
Passed OR : count =        221
Passed OR : count =        222
Passed OR : count =        223
Passed OR : count =        224
Passed OR : count =        225
Passed OR : count =        226
Passed OR : count =        227
Passed OR : count =        228
Passed OR : count =        229
Passed OR : count =        230
Passed OR : count =        231
Passed OR : count =        232
Passed OR : count =        233
Passed OR : count =        234
Passed OR : count =        235
Passed OR : count =        236
Passed OR : count =        237
Passed OR : count =        238
Passed OR : count =        239
Passed OR : count =        240
Passed OR : count =        241
Passed OR : count =        242
Passed OR : count =        243
Passed OR : count =        244
Passed OR : count =        245
Passed OR : count =        246
Passed OR : count =        247
Passed OR : count =        248
Passed OR : count =        249
Passed OR : count =        250
Passed OR : count =        251
Passed OR : count =        252
Passed OR : count =        253
Passed OR : count =        254
Passed OR : count =        255
 
 
Many of these tests will say 'failed' because the if statement does not account for carry in. Just pay attention to the equations.
Passed ADD: count =           0. 0000 + 0000 = 0000
Passed ADD: count =           1. 0000 + 0001 = 0001
Passed ADD: count =           2. 0000 + 0010 = 0010
Passed ADD: count =           3. 0000 + 0011 = 0011
Passed ADD: count =           4. 0000 + 0100 = 0100
Passed ADD: count =           5. 0000 + 0101 = 0101
Passed ADD: count =           6. 0000 + 0110 = 0110
Passed ADD: count =           7. 0000 + 0111 = 0111
Passed ADD: count =           8. 0000 + 1000 = 1000
Passed ADD: count =           9. 0000 + 1001 = 1001
Passed ADD: count =          10. 0000 + 1010 = 1010
Passed ADD: count =          11. 0000 + 1011 = 1011
Passed ADD: count =          12. 0000 + 1100 = 1100
Passed ADD: count =          13. 0000 + 1101 = 1101
Passed ADD: count =          14. 0000 + 1110 = 1110
Passed ADD: count =          15. 0000 + 1111 = 1111
Passed ADD: count =          16. 0001 + 0000 = 0001
Passed ADD: count =          17. 0001 + 0001 = 0010
Passed ADD: count =          18. 0001 + 0010 = 0011
Passed ADD: count =          19. 0001 + 0011 = 0100
Passed ADD: count =          20. 0001 + 0100 = 0101
Passed ADD: count =          21. 0001 + 0101 = 0110
Passed ADD: count =          22. 0001 + 0110 = 0111
Passed ADD: count =          23. 0001 + 0111 = 1000
Passed ADD: count =          24. 0001 + 1000 = 1001
Passed ADD: count =          25. 0001 + 1001 = 1010
Passed ADD: count =          26. 0001 + 1010 = 1011
Passed ADD: count =          27. 0001 + 1011 = 1100
Passed ADD: count =          28. 0001 + 1100 = 1101
Passed ADD: count =          29. 0001 + 1101 = 1110
Passed ADD: count =          30. 0001 + 1110 = 1111
Passed ADD: count =          31. 0001 + 1111 = 0000
Passed ADD: count =          32. 0010 + 0000 = 0010
Passed ADD: count =          33. 0010 + 0001 = 0011
Passed ADD: count =          34. 0010 + 0010 = 0100
Passed ADD: count =          35. 0010 + 0011 = 0101
Passed ADD: count =          36. 0010 + 0100 = 0110
Passed ADD: count =          37. 0010 + 0101 = 0111
Passed ADD: count =          38. 0010 + 0110 = 1000
Passed ADD: count =          39. 0010 + 0111 = 1001
Passed ADD: count =          40. 0010 + 1000 = 1010
Passed ADD: count =          41. 0010 + 1001 = 1011
Passed ADD: count =          42. 0010 + 1010 = 1100
Passed ADD: count =          43. 0010 + 1011 = 1101
Passed ADD: count =          44. 0010 + 1100 = 1110
Passed ADD: count =          45. 0010 + 1101 = 1111
Passed ADD: count =          46. 0010 + 1110 = 0000
Passed ADD: count =          47. 0010 + 1111 = 0001
Passed ADD: count =          48. 0011 + 0000 = 0011
Failed ADD : count =          49. 0011 + 0001 = 0110
Passed ADD: count =          50. 0011 + 0010 = 0101
Passed ADD: count =          51. 0011 + 0011 = 0110
Passed ADD: count =          52. 0011 + 0100 = 0111
Failed ADD : count =          53. 0011 + 0101 = 1010
Passed ADD: count =          54. 0011 + 0110 = 1001
Passed ADD: count =          55. 0011 + 0111 = 1010
Passed ADD: count =          56. 0011 + 1000 = 1011
Failed ADD : count =          57. 0011 + 1001 = 1110
Passed ADD: count =          58. 0011 + 1010 = 1101
Passed ADD: count =          59. 0011 + 1011 = 1110
Passed ADD: count =          60. 0011 + 1100 = 1111
Failed ADD : count =          61. 0011 + 1101 = 0010
Passed ADD: count =          62. 0011 + 1110 = 0001
Passed ADD: count =          63. 0011 + 1111 = 0010
Passed ADD: count =          64. 0100 + 0000 = 0100
Passed ADD: count =          65. 0100 + 0001 = 0101
Passed ADD: count =          66. 0100 + 0010 = 0110
Passed ADD: count =          67. 0100 + 0011 = 0111
Passed ADD: count =          68. 0100 + 0100 = 1000
Passed ADD: count =          69. 0100 + 0101 = 1001
Passed ADD: count =          70. 0100 + 0110 = 1010
Passed ADD: count =          71. 0100 + 0111 = 1011
Passed ADD: count =          72. 0100 + 1000 = 1100
Passed ADD: count =          73. 0100 + 1001 = 1101
Passed ADD: count =          74. 0100 + 1010 = 1110
Passed ADD: count =          75. 0100 + 1011 = 1111
Passed ADD: count =          76. 0100 + 1100 = 0000
Passed ADD: count =          77. 0100 + 1101 = 0001
Passed ADD: count =          78. 0100 + 1110 = 0010
Passed ADD: count =          79. 0100 + 1111 = 0011
Passed ADD: count =          80. 0101 + 0000 = 0101
Passed ADD: count =          81. 0101 + 0001 = 0110
Passed ADD: count =          82. 0101 + 0010 = 0111
Failed ADD : count =          83. 0101 + 0011 = 1100
Passed ADD: count =          84. 0101 + 0100 = 1001
Passed ADD: count =          85. 0101 + 0101 = 1010
Passed ADD: count =          86. 0101 + 0110 = 1011
Passed ADD: count =          87. 0101 + 0111 = 1100
Passed ADD: count =          88. 0101 + 1000 = 1101
Passed ADD: count =          89. 0101 + 1001 = 1110
Passed ADD: count =          90. 0101 + 1010 = 1111
Failed ADD : count =          91. 0101 + 1011 = 0100
Passed ADD: count =          92. 0101 + 1100 = 0001
Passed ADD: count =          93. 0101 + 1101 = 0010
Passed ADD: count =          94. 0101 + 1110 = 0011
Passed ADD: count =          95. 0101 + 1111 = 0100
Passed ADD: count =          96. 0110 + 0000 = 0110
Passed ADD: count =          97. 0110 + 0001 = 0111
Failed ADD : count =          98. 0110 + 0010 = 1100
Failed ADD : count =          99. 0110 + 0011 = 1101
Passed ADD: count =         100. 0110 + 0100 = 1010
Passed ADD: count =         101. 0110 + 0101 = 1011
Passed ADD: count =         102. 0110 + 0110 = 1100
Passed ADD: count =         103. 0110 + 0111 = 1101
Passed ADD: count =         104. 0110 + 1000 = 1110
Passed ADD: count =         105. 0110 + 1001 = 1111
Failed ADD : count =         106. 0110 + 1010 = 0100
Failed ADD : count =         107. 0110 + 1011 = 0101
Passed ADD: count =         108. 0110 + 1100 = 0010
Passed ADD: count =         109. 0110 + 1101 = 0011
Passed ADD: count =         110. 0110 + 1110 = 0100
Passed ADD: count =         111. 0110 + 1111 = 0101
Passed ADD: count =         112. 0111 + 0000 = 0111
Failed ADD : count =         113. 0111 + 0001 = 1110
Failed ADD : count =         114. 0111 + 0010 = 1101
Failed ADD : count =         115. 0111 + 0011 = 1110
Passed ADD: count =         116. 0111 + 0100 = 1011
Failed ADD : count =         117. 0111 + 0101 = 1110
Passed ADD: count =         118. 0111 + 0110 = 1101
Passed ADD: count =         119. 0111 + 0111 = 1110
Passed ADD: count =         120. 0111 + 1000 = 1111
Failed ADD : count =         121. 0111 + 1001 = 0110
Failed ADD : count =         122. 0111 + 1010 = 0101
Failed ADD : count =         123. 0111 + 1011 = 0110
Passed ADD: count =         124. 0111 + 1100 = 0011
Failed ADD : count =         125. 0111 + 1101 = 0110
Passed ADD: count =         126. 0111 + 1110 = 0101
Passed ADD: count =         127. 0111 + 1111 = 0110
Passed ADD: count =         128. 1000 + 0000 = 1000
Passed ADD: count =         129. 1000 + 0001 = 1001
Passed ADD: count =         130. 1000 + 0010 = 1010
Passed ADD: count =         131. 1000 + 0011 = 1011
Passed ADD: count =         132. 1000 + 0100 = 1100
Passed ADD: count =         133. 1000 + 0101 = 1101
Passed ADD: count =         134. 1000 + 0110 = 1110
Passed ADD: count =         135. 1000 + 0111 = 1111
Passed ADD: count =         136. 1000 + 1000 = 0000
Passed ADD: count =         137. 1000 + 1001 = 0001
Passed ADD: count =         138. 1000 + 1010 = 0010
Passed ADD: count =         139. 1000 + 1011 = 0011
Passed ADD: count =         140. 1000 + 1100 = 0100
Passed ADD: count =         141. 1000 + 1101 = 0101
Passed ADD: count =         142. 1000 + 1110 = 0110
Passed ADD: count =         143. 1000 + 1111 = 0111
Passed ADD: count =         144. 1001 + 0000 = 1001
Passed ADD: count =         145. 1001 + 0001 = 1010
Passed ADD: count =         146. 1001 + 0010 = 1011
Passed ADD: count =         147. 1001 + 0011 = 1100
Passed ADD: count =         148. 1001 + 0100 = 1101
Passed ADD: count =         149. 1001 + 0101 = 1110
Passed ADD: count =         150. 1001 + 0110 = 1111
Failed ADD : count =         151. 1001 + 0111 = 1000
Passed ADD: count =         152. 1001 + 1000 = 0001
Passed ADD: count =         153. 1001 + 1001 = 0010
Passed ADD: count =         154. 1001 + 1010 = 0011
Passed ADD: count =         155. 1001 + 1011 = 0100
Passed ADD: count =         156. 1001 + 1100 = 0101
Passed ADD: count =         157. 1001 + 1101 = 0110
Passed ADD: count =         158. 1001 + 1110 = 0111
Passed ADD: count =         159. 1001 + 1111 = 1000
Passed ADD: count =         160. 1010 + 0000 = 1010
Passed ADD: count =         161. 1010 + 0001 = 1011
Passed ADD: count =         162. 1010 + 0010 = 1100
Passed ADD: count =         163. 1010 + 0011 = 1101
Passed ADD: count =         164. 1010 + 0100 = 1110
Passed ADD: count =         165. 1010 + 0101 = 1111
Failed ADD : count =         166. 1010 + 0110 = 1000
Failed ADD : count =         167. 1010 + 0111 = 1001
Passed ADD: count =         168. 1010 + 1000 = 0010
Passed ADD: count =         169. 1010 + 1001 = 0011
Passed ADD: count =         170. 1010 + 1010 = 0100
Passed ADD: count =         171. 1010 + 1011 = 0101
Passed ADD: count =         172. 1010 + 1100 = 0110
Passed ADD: count =         173. 1010 + 1101 = 0111
Passed ADD: count =         174. 1010 + 1110 = 1000
Passed ADD: count =         175. 1010 + 1111 = 1001
Passed ADD: count =         176. 1011 + 0000 = 1011
Failed ADD : count =         177. 1011 + 0001 = 1110
Passed ADD: count =         178. 1011 + 0010 = 1101
Passed ADD: count =         179. 1011 + 0011 = 1110
Passed ADD: count =         180. 1011 + 0100 = 1111
Failed ADD : count =         181. 1011 + 0101 = 1010
Failed ADD : count =         182. 1011 + 0110 = 1001
Failed ADD : count =         183. 1011 + 0111 = 1010
Passed ADD: count =         184. 1011 + 1000 = 0011
Failed ADD : count =         185. 1011 + 1001 = 0110
Passed ADD: count =         186. 1011 + 1010 = 0101
Passed ADD: count =         187. 1011 + 1011 = 0110
Passed ADD: count =         188. 1011 + 1100 = 0111
Failed ADD : count =         189. 1011 + 1101 = 1010
Passed ADD: count =         190. 1011 + 1110 = 1001
Passed ADD: count =         191. 1011 + 1111 = 1010
Passed ADD: count =         192. 1100 + 0000 = 1100
Passed ADD: count =         193. 1100 + 0001 = 1101
Passed ADD: count =         194. 1100 + 0010 = 1110
Passed ADD: count =         195. 1100 + 0011 = 1111
Failed ADD : count =         196. 1100 + 0100 = 1000
Failed ADD : count =         197. 1100 + 0101 = 1001
Failed ADD : count =         198. 1100 + 0110 = 1010
Failed ADD : count =         199. 1100 + 0111 = 1011
Passed ADD: count =         200. 1100 + 1000 = 0100
Passed ADD: count =         201. 1100 + 1001 = 0101
Passed ADD: count =         202. 1100 + 1010 = 0110
Passed ADD: count =         203. 1100 + 1011 = 0111
Passed ADD: count =         204. 1100 + 1100 = 1000
Passed ADD: count =         205. 1100 + 1101 = 1001
Passed ADD: count =         206. 1100 + 1110 = 1010
Passed ADD: count =         207. 1100 + 1111 = 1011
Passed ADD: count =         208. 1101 + 0000 = 1101
Passed ADD: count =         209. 1101 + 0001 = 1110
Passed ADD: count =         210. 1101 + 0010 = 1111
Failed ADD : count =         211. 1101 + 0011 = 1100
Failed ADD : count =         212. 1101 + 0100 = 1001
Failed ADD : count =         213. 1101 + 0101 = 1010
Failed ADD : count =         214. 1101 + 0110 = 1011
Failed ADD : count =         215. 1101 + 0111 = 1100
Passed ADD: count =         216. 1101 + 1000 = 0101
Passed ADD: count =         217. 1101 + 1001 = 0110
Passed ADD: count =         218. 1101 + 1010 = 0111
Failed ADD : count =         219. 1101 + 1011 = 1100
Passed ADD: count =         220. 1101 + 1100 = 1001
Passed ADD: count =         221. 1101 + 1101 = 1010
Passed ADD: count =         222. 1101 + 1110 = 1011
Passed ADD: count =         223. 1101 + 1111 = 1100
Passed ADD: count =         224. 1110 + 0000 = 1110
Passed ADD: count =         225. 1110 + 0001 = 1111
Failed ADD : count =         226. 1110 + 0010 = 1100
Failed ADD : count =         227. 1110 + 0011 = 1101
Failed ADD : count =         228. 1110 + 0100 = 1010
Failed ADD : count =         229. 1110 + 0101 = 1011
Failed ADD : count =         230. 1110 + 0110 = 1100
Failed ADD : count =         231. 1110 + 0111 = 1101
Passed ADD: count =         232. 1110 + 1000 = 0110
Passed ADD: count =         233. 1110 + 1001 = 0111
Failed ADD : count =         234. 1110 + 1010 = 1100
Failed ADD : count =         235. 1110 + 1011 = 1101
Passed ADD: count =         236. 1110 + 1100 = 1010
Passed ADD: count =         237. 1110 + 1101 = 1011
# run 1.00us
Passed ADD: count =         238. 1110 + 1110 = 1100
Passed ADD: count =         239. 1110 + 1111 = 1101
Passed ADD: count =         240. 1111 + 0000 = 1111
Failed ADD : count =         241. 1111 + 0001 = 1110
Failed ADD : count =         242. 1111 + 0010 = 1101
Failed ADD : count =         243. 1111 + 0011 = 1110
Failed ADD : count =         244. 1111 + 0100 = 1011
Failed ADD : count =         245. 1111 + 0101 = 1110
Failed ADD : count =         246. 1111 + 0110 = 1101
Failed ADD : count =         247. 1111 + 0111 = 1110
Passed ADD: count =         248. 1111 + 1000 = 0111
Failed ADD : count =         249. 1111 + 1001 = 1110
Failed ADD : count =         250. 1111 + 1010 = 1101
Failed ADD : count =         251. 1111 + 1011 = 1110
Passed ADD: count =         252. 1111 + 1100 = 1011
Failed ADD : count =         253. 1111 + 1101 = 1110
Passed ADD: count =         254. 1111 + 1110 = 1101
Passed ADD: count =         255. 1111 + 1111 = 1110
  
 
Passed SUB: count =           0. 0000 - 0000 = 0000
Passed SUB: count =           1. 0000 - 0001 = 1111
Passed SUB: count =           2. 0000 - 0010 = 1110
Passed SUB: count =           3. 0000 - 0011 = 1101
Passed SUB: count =           4. 0000 - 0100 = 1100
Passed SUB: count =           5. 0000 - 0101 = 1011
Passed SUB: count =           6. 0000 - 0110 = 1010
Passed SUB: count =           7. 0000 - 0111 = 1001
Passed SUB: count =           8. 0000 - 1000 = 1000
Passed SUB: count =           9. 0000 - 1001 = 0111
Passed SUB: count =          10. 0000 - 1010 = 0110
Passed SUB: count =          11. 0000 - 1011 = 0101
Passed SUB: count =          12. 0000 - 1100 = 0100
Passed SUB: count =          13. 0000 - 1101 = 0011
Passed SUB: count =          14. 0000 - 1110 = 0010
Passed SUB: count =          15. 0000 - 1111 = 0001
Passed SUB: count =          16. 0001 - 0000 = 0001
Failed SUB : count =          17. 0001 - 0001 = 0001
Passed SUB: count =          18. 0001 - 0010 = 1111
Failed SUB : count =          19. 0001 - 0011 = 1111
Passed SUB: count =          20. 0001 - 0100 = 1101
Failed SUB : count =          21. 0001 - 0101 = 1101
Passed SUB: count =          22. 0001 - 0110 = 1011
Failed SUB : count =          23. 0001 - 0111 = 1011
Passed SUB: count =          24. 0001 - 1000 = 1001
Failed SUB : count =          25. 0001 - 1001 = 1001
Passed SUB: count =          26. 0001 - 1010 = 0111
Failed SUB : count =          27. 0001 - 1011 = 0111
Passed SUB: count =          28. 0001 - 1100 = 0101
Failed SUB : count =          29. 0001 - 1101 = 0101
Passed SUB: count =          30. 0001 - 1110 = 0011
Failed SUB : count =          31. 0001 - 1111 = 0011
Passed SUB: count =          32. 0010 - 0000 = 0010
Passed SUB: count =          33. 0010 - 0001 = 0001
Failed SUB : count =          34. 0010 - 0010 = 0010
Passed SUB: count =          35. 0010 - 0011 = 1111
Passed SUB: count =          36. 0010 - 0100 = 1110
Passed SUB: count =          37. 0010 - 0101 = 1101
Failed SUB : count =          38. 0010 - 0110 = 1110
Passed SUB: count =          39. 0010 - 0111 = 1011
Passed SUB: count =          40. 0010 - 1000 = 1010
Passed SUB: count =          41. 0010 - 1001 = 1001
Failed SUB : count =          42. 0010 - 1010 = 1010
Passed SUB: count =          43. 0010 - 1011 = 0111
Passed SUB: count =          44. 0010 - 1100 = 0110
Passed SUB: count =          45. 0010 - 1101 = 0101
Failed SUB : count =          46. 0010 - 1110 = 0110
Passed SUB: count =          47. 0010 - 1111 = 0011
Passed SUB: count =          48. 0011 - 0000 = 0011
Failed SUB : count =          49. 0011 - 0001 = 0011
Failed SUB : count =          50. 0011 - 0010 = 0011
Failed SUB : count =          51. 0011 - 0011 = 0011
Passed SUB: count =          52. 0011 - 0100 = 1111
Failed SUB : count =          53. 0011 - 0101 = 1111
Failed SUB : count =          54. 0011 - 0110 = 1111
Failed SUB : count =          55. 0011 - 0111 = 1111
Passed SUB: count =          56. 0011 - 1000 = 1011
Failed SUB : count =          57. 0011 - 1001 = 1011
Failed SUB : count =          58. 0011 - 1010 = 1011
Failed SUB : count =          59. 0011 - 1011 = 1011
Passed SUB: count =          60. 0011 - 1100 = 0111
Failed SUB : count =          61. 0011 - 1101 = 0111
Failed SUB : count =          62. 0011 - 1110 = 0111
Failed SUB : count =          63. 0011 - 1111 = 0111
Passed SUB: count =          64. 0100 - 0000 = 0100
Passed SUB: count =          65. 0100 - 0001 = 0011
Passed SUB: count =          66. 0100 - 0010 = 0010
Passed SUB: count =          67. 0100 - 0011 = 0001
Failed SUB : count =          68. 0100 - 0100 = 0100
Passed SUB: count =          69. 0100 - 0101 = 1111
Passed SUB: count =          70. 0100 - 0110 = 1110
Passed SUB: count =          71. 0100 - 0111 = 1101
Passed SUB: count =          72. 0100 - 1000 = 1100
Passed SUB: count =          73. 0100 - 1001 = 1011
Passed SUB: count =          74. 0100 - 1010 = 1010
Passed SUB: count =          75. 0100 - 1011 = 1001
Failed SUB : count =          76. 0100 - 1100 = 1100
Passed SUB: count =          77. 0100 - 1101 = 0111
Passed SUB: count =          78. 0100 - 1110 = 0110
Passed SUB: count =          79. 0100 - 1111 = 0101
Passed SUB: count =          80. 0101 - 0000 = 0101
Failed SUB : count =          81. 0101 - 0001 = 0101
Passed SUB: count =          82. 0101 - 0010 = 0011
Failed SUB : count =          83. 0101 - 0011 = 0011
Failed SUB : count =          84. 0101 - 0100 = 0101
Failed SUB : count =          85. 0101 - 0101 = 0101
Passed SUB: count =          86. 0101 - 0110 = 1111
Failed SUB : count =          87. 0101 - 0111 = 1111
Passed SUB: count =          88. 0101 - 1000 = 1101
Failed SUB : count =          89. 0101 - 1001 = 1101
Passed SUB: count =          90. 0101 - 1010 = 1011
Failed SUB : count =          91. 0101 - 1011 = 1011
Failed SUB : count =          92. 0101 - 1100 = 1101
Failed SUB : count =          93. 0101 - 1101 = 1101
Passed SUB: count =          94. 0101 - 1110 = 0111
Failed SUB : count =          95. 0101 - 1111 = 0111
Passed SUB: count =          96. 0110 - 0000 = 0110
Passed SUB: count =          97. 0110 - 0001 = 0101
Failed SUB : count =          98. 0110 - 0010 = 0110
Passed SUB: count =          99. 0110 - 0011 = 0011
Failed SUB : count =         100. 0110 - 0100 = 0110
Failed SUB : count =         101. 0110 - 0101 = 0101
Failed SUB : count =         102. 0110 - 0110 = 0110
Passed SUB: count =         103. 0110 - 0111 = 1111
Passed SUB: count =         104. 0110 - 1000 = 1110
Passed SUB: count =         105. 0110 - 1001 = 1101
Failed SUB : count =         106. 0110 - 1010 = 1110
Passed SUB: count =         107. 0110 - 1011 = 1011
Failed SUB : count =         108. 0110 - 1100 = 1110
Failed SUB : count =         109. 0110 - 1101 = 1101
Failed SUB : count =         110. 0110 - 1110 = 1110
Passed SUB: count =         111. 0110 - 1111 = 0111
Passed SUB: count =         112. 0111 - 0000 = 0111
Failed SUB : count =         113. 0111 - 0001 = 0111
Failed SUB : count =         114. 0111 - 0010 = 0111
Failed SUB : count =         115. 0111 - 0011 = 0111
Failed SUB : count =         116. 0111 - 0100 = 0111
Failed SUB : count =         117. 0111 - 0101 = 0111
Failed SUB : count =         118. 0111 - 0110 = 0111
Failed SUB : count =         119. 0111 - 0111 = 0111
Passed SUB: count =         120. 0111 - 1000 = 1111
Failed SUB : count =         121. 0111 - 1001 = 1111
Failed SUB : count =         122. 0111 - 1010 = 1111
Failed SUB : count =         123. 0111 - 1011 = 1111
Failed SUB : count =         124. 0111 - 1100 = 1111
Failed SUB : count =         125. 0111 - 1101 = 1111
Failed SUB : count =         126. 0111 - 1110 = 1111
Failed SUB : count =         127. 0111 - 1111 = 1111
Passed SUB: count =         128. 1000 - 0000 = 1000
Passed SUB: count =         129. 1000 - 0001 = 0111
Passed SUB: count =         130. 1000 - 0010 = 0110
Passed SUB: count =         131. 1000 - 0011 = 0101
Passed SUB: count =         132. 1000 - 0100 = 0100
Passed SUB: count =         133. 1000 - 0101 = 0011
Passed SUB: count =         134. 1000 - 0110 = 0010
Passed SUB: count =         135. 1000 - 0111 = 0001
Failed SUB : count =         136. 1000 - 1000 = 1000
Passed SUB: count =         137. 1000 - 1001 = 1111
Passed SUB: count =         138. 1000 - 1010 = 1110
Passed SUB: count =         139. 1000 - 1011 = 1101
Passed SUB: count =         140. 1000 - 1100 = 1100
Passed SUB: count =         141. 1000 - 1101 = 1011
Passed SUB: count =         142. 1000 - 1110 = 1010
Passed SUB: count =         143. 1000 - 1111 = 1001
Passed SUB: count =         144. 1001 - 0000 = 1001
Failed SUB : count =         145. 1001 - 0001 = 1001
Passed SUB: count =         146. 1001 - 0010 = 0111
Failed SUB : count =         147. 1001 - 0011 = 0111
Passed SUB: count =         148. 1001 - 0100 = 0101
Failed SUB : count =         149. 1001 - 0101 = 0101
Passed SUB: count =         150. 1001 - 0110 = 0011
Failed SUB : count =         151. 1001 - 0111 = 0011
Failed SUB : count =         152. 1001 - 1000 = 1001
Failed SUB : count =         153. 1001 - 1001 = 1001
Passed SUB: count =         154. 1001 - 1010 = 1111
Failed SUB : count =         155. 1001 - 1011 = 1111
Passed SUB: count =         156. 1001 - 1100 = 1101
Failed SUB : count =         157. 1001 - 1101 = 1101
Passed SUB: count =         158. 1001 - 1110 = 1011
Failed SUB : count =         159. 1001 - 1111 = 1011
Passed SUB: count =         160. 1010 - 0000 = 1010
Passed SUB: count =         161. 1010 - 0001 = 1001
Failed SUB : count =         162. 1010 - 0010 = 1010
Passed SUB: count =         163. 1010 - 0011 = 0111
Passed SUB: count =         164. 1010 - 0100 = 0110
Passed SUB: count =         165. 1010 - 0101 = 0101
Failed SUB : count =         166. 1010 - 0110 = 0110
Passed SUB: count =         167. 1010 - 0111 = 0011
Failed SUB : count =         168. 1010 - 1000 = 1010
Failed SUB : count =         169. 1010 - 1001 = 1001
Failed SUB : count =         170. 1010 - 1010 = 1010
Passed SUB: count =         171. 1010 - 1011 = 1111
Passed SUB: count =         172. 1010 - 1100 = 1110
Passed SUB: count =         173. 1010 - 1101 = 1101
Failed SUB : count =         174. 1010 - 1110 = 1110
Passed SUB: count =         175. 1010 - 1111 = 1011
Passed SUB: count =         176. 1011 - 0000 = 1011
Failed SUB : count =         177. 1011 - 0001 = 1011
Failed SUB : count =         178. 1011 - 0010 = 1011
Failed SUB : count =         179. 1011 - 0011 = 1011
Passed SUB: count =         180. 1011 - 0100 = 0111
Failed SUB : count =         181. 1011 - 0101 = 0111
Failed SUB : count =         182. 1011 - 0110 = 0111
Failed SUB : count =         183. 1011 - 0111 = 0111
Failed SUB : count =         184. 1011 - 1000 = 1011
Failed SUB : count =         185. 1011 - 1001 = 1011
Failed SUB : count =         186. 1011 - 1010 = 1011
Failed SUB : count =         187. 1011 - 1011 = 1011
Passed SUB: count =         188. 1011 - 1100 = 1111
Failed SUB : count =         189. 1011 - 1101 = 1111
Failed SUB : count =         190. 1011 - 1110 = 1111
Failed SUB : count =         191. 1011 - 1111 = 1111
Passed SUB: count =         192. 1100 - 0000 = 1100
Passed SUB: count =         193. 1100 - 0001 = 1011
Passed SUB: count =         194. 1100 - 0010 = 1010
Passed SUB: count =         195. 1100 - 0011 = 1001
Failed SUB : count =         196. 1100 - 0100 = 1100
Passed SUB: count =         197. 1100 - 0101 = 0111
Passed SUB: count =         198. 1100 - 0110 = 0110
Passed SUB: count =         199. 1100 - 0111 = 0101
Failed SUB : count =         200. 1100 - 1000 = 1100
Failed SUB : count =         201. 1100 - 1001 = 1011
Failed SUB : count =         202. 1100 - 1010 = 1010
Failed SUB : count =         203. 1100 - 1011 = 1001
Failed SUB : count =         204. 1100 - 1100 = 1100
Passed SUB: count =         205. 1100 - 1101 = 1111
Passed SUB: count =         206. 1100 - 1110 = 1110
Passed SUB: count =         207. 1100 - 1111 = 1101
Passed SUB: count =         208. 1101 - 0000 = 1101
Failed SUB : count =         209. 1101 - 0001 = 1101
Passed SUB: count =         210. 1101 - 0010 = 1011
Failed SUB : count =         211. 1101 - 0011 = 1011
Failed SUB : count =         212. 1101 - 0100 = 1101
Failed SUB : count =         213. 1101 - 0101 = 1101
Passed SUB: count =         214. 1101 - 0110 = 0111
Failed SUB : count =         215. 1101 - 0111 = 0111
Failed SUB : count =         216. 1101 - 1000 = 1101
Failed SUB : count =         217. 1101 - 1001 = 1101
Failed SUB : count =         218. 1101 - 1010 = 1011
Failed SUB : count =         219. 1101 - 1011 = 1011
Failed SUB : count =         220. 1101 - 1100 = 1101
Failed SUB : count =         221. 1101 - 1101 = 1101
Passed SUB: count =         222. 1101 - 1110 = 1111
Failed SUB : count =         223. 1101 - 1111 = 1111
Passed SUB: count =         224. 1110 - 0000 = 1110
Passed SUB: count =         225. 1110 - 0001 = 1101
Failed SUB : count =         226. 1110 - 0010 = 1110
Passed SUB: count =         227. 1110 - 0011 = 1011
Failed SUB : count =         228. 1110 - 0100 = 1110
Failed SUB : count =         229. 1110 - 0101 = 1101
Failed SUB : count =         230. 1110 - 0110 = 1110
Passed SUB: count =         231. 1110 - 0111 = 0111
Failed SUB : count =         232. 1110 - 1000 = 1110
Failed SUB : count =         233. 1110 - 1001 = 1101
Failed SUB : count =         234. 1110 - 1010 = 1110
Failed SUB : count =         235. 1110 - 1011 = 1011
Failed SUB : count =         236. 1110 - 1100 = 1110
Failed SUB : count =         237. 1110 - 1101 = 1101
Failed SUB : count =         238. 1110 - 1110 = 1110
Passed SUB: count =         239. 1110 - 1111 = 1111
Passed SUB: count =         240. 1111 - 0000 = 1111
Failed SUB : count =         241. 1111 - 0001 = 1111
Failed SUB : count =         242. 1111 - 0010 = 1111
Failed SUB : count =         243. 1111 - 0011 = 1111
Failed SUB : count =         244. 1111 - 0100 = 1111
Failed SUB : count =         245. 1111 - 0101 = 1111
Failed SUB : count =         246. 1111 - 0110 = 1111
Failed SUB : count =         247. 1111 - 0111 = 1111
Failed SUB : count =         248. 1111 - 1000 = 1111
Failed SUB : count =         249. 1111 - 1001 = 1111
Failed SUB : count =         250. 1111 - 1010 = 1111
Failed SUB : count =         251. 1111 - 1011 = 1111
Failed SUB : count =         252. 1111 - 1100 = 1111
Failed SUB : count =         253. 1111 - 1101 = 1111
Failed SUB : count =         254. 1111 - 1110 = 1111
Failed SUB : count =         255. 1111 - 1111 = 1111
 
 
Passed SLT: count =           0. 0000 - 0000 = 0000
Passed SLT: count =           1. 0000 - 0001 = 0001
Passed SLT: count =           2. 0000 - 0010 = 0001
Passed SLT: count =           3. 0000 - 0011 = 0001
Passed SLT: count =           4. 0000 - 0100 = 0001
Passed SLT: count =           5. 0000 - 0101 = 0001
Passed SLT: count =           6. 0000 - 0110 = 0001
Passed SLT: count =           7. 0000 - 0111 = 0001
Passed SLT: count =           8. 0000 - 1000 = 0001
Failed SLT : count =           9. 0000 - 1001 = 0000
Failed SLT : count =          10. 0000 - 1010 = 0000
Failed SLT : count =          11. 0000 - 1011 = 0000
Failed SLT : count =          12. 0000 - 1100 = 0000
Failed SLT : count =          13. 0000 - 1101 = 0000
Failed SLT : count =          14. 0000 - 1110 = 0000
Failed SLT : count =          15. 0000 - 1111 = 0000
Passed SLT: count =          16. 0001 - 0000 = 0000
Passed SLT: count =          17. 0001 - 0001 = 0000
Passed SLT: count =          18. 0001 - 0010 = 0001
Passed SLT: count =          19. 0001 - 0011 = 0001
Passed SLT: count =          20. 0001 - 0100 = 0001
Passed SLT: count =          21. 0001 - 0101 = 0001
Passed SLT: count =          22. 0001 - 0110 = 0001
Passed SLT: count =          23. 0001 - 0111 = 0001
Passed SLT: count =          24. 0001 - 1000 = 0001
Passed SLT: count =          25. 0001 - 1001 = 0001
Failed SLT : count =          26. 0001 - 1010 = 0000
Failed SLT : count =          27. 0001 - 1011 = 0000
Failed SLT : count =          28. 0001 - 1100 = 0000
Failed SLT : count =          29. 0001 - 1101 = 0000
Failed SLT : count =          30. 0001 - 1110 = 0000
Failed SLT : count =          31. 0001 - 1111 = 0000
Passed SLT: count =          32. 0010 - 0000 = 0000
Passed SLT: count =          33. 0010 - 0001 = 0000
Passed SLT: count =          34. 0010 - 0010 = 0000
Passed SLT: count =          35. 0010 - 0011 = 0001
Passed SLT: count =          36. 0010 - 0100 = 0001
Passed SLT: count =          37. 0010 - 0101 = 0001
Passed SLT: count =          38. 0010 - 0110 = 0001
Passed SLT: count =          39. 0010 - 0111 = 0001
Passed SLT: count =          40. 0010 - 1000 = 0001
Passed SLT: count =          41. 0010 - 1001 = 0001
Passed SLT: count =          42. 0010 - 1010 = 0001
Failed SLT : count =          43. 0010 - 1011 = 0000
Failed SLT : count =          44. 0010 - 1100 = 0000
Failed SLT : count =          45. 0010 - 1101 = 0000
Failed SLT : count =          46. 0010 - 1110 = 0000
Failed SLT : count =          47. 0010 - 1111 = 0000
Passed SLT: count =          48. 0011 - 0000 = 0000
Passed SLT: count =          49. 0011 - 0001 = 0000
Passed SLT: count =          50. 0011 - 0010 = 0000
Passed SLT: count =          51. 0011 - 0011 = 0000
Passed SLT: count =          52. 0011 - 0100 = 0001
Passed SLT: count =          53. 0011 - 0101 = 0001
Passed SLT: count =          54. 0011 - 0110 = 0001
Passed SLT: count =          55. 0011 - 0111 = 0001
Passed SLT: count =          56. 0011 - 1000 = 0001
Passed SLT: count =          57. 0011 - 1001 = 0001
Passed SLT: count =          58. 0011 - 1010 = 0001
Passed SLT: count =          59. 0011 - 1011 = 0001
Failed SLT : count =          60. 0011 - 1100 = 0000
Failed SLT : count =          61. 0011 - 1101 = 0000
Failed SLT : count =          62. 0011 - 1110 = 0000
Failed SLT : count =          63. 0011 - 1111 = 0000
Passed SLT: count =          64. 0100 - 0000 = 0000
Passed SLT: count =          65. 0100 - 0001 = 0000
Passed SLT: count =          66. 0100 - 0010 = 0000
Passed SLT: count =          67. 0100 - 0011 = 0000
Passed SLT: count =          68. 0100 - 0100 = 0000
Passed SLT: count =          69. 0100 - 0101 = 0001
Passed SLT: count =          70. 0100 - 0110 = 0001
Passed SLT: count =          71. 0100 - 0111 = 0001
Passed SLT: count =          72. 0100 - 1000 = 0001
Passed SLT: count =          73. 0100 - 1001 = 0001
Passed SLT: count =          74. 0100 - 1010 = 0001
Passed SLT: count =          75. 0100 - 1011 = 0001
Passed SLT: count =          76. 0100 - 1100 = 0001
Failed SLT : count =          77. 0100 - 1101 = 0000
Failed SLT : count =          78. 0100 - 1110 = 0000
Failed SLT : count =          79. 0100 - 1111 = 0000
Passed SLT: count =          80. 0101 - 0000 = 0000
Passed SLT: count =          81. 0101 - 0001 = 0000
Passed SLT: count =          82. 0101 - 0010 = 0000
Passed SLT: count =          83. 0101 - 0011 = 0000
Passed SLT: count =          84. 0101 - 0100 = 0000
Passed SLT: count =          85. 0101 - 0101 = 0000
Passed SLT: count =          86. 0101 - 0110 = 0001
Passed SLT: count =          87. 0101 - 0111 = 0001
Passed SLT: count =          88. 0101 - 1000 = 0001
Passed SLT: count =          89. 0101 - 1001 = 0001
Passed SLT: count =          90. 0101 - 1010 = 0001
Passed SLT: count =          91. 0101 - 1011 = 0001
Passed SLT: count =          92. 0101 - 1100 = 0001
Passed SLT: count =          93. 0101 - 1101 = 0001
Failed SLT : count =          94. 0101 - 1110 = 0000
Failed SLT : count =          95. 0101 - 1111 = 0000
Passed SLT: count =          96. 0110 - 0000 = 0000
Passed SLT: count =          97. 0110 - 0001 = 0000
Passed SLT: count =          98. 0110 - 0010 = 0000
Passed SLT: count =          99. 0110 - 0011 = 0000
Passed SLT: count =         100. 0110 - 0100 = 0000
Passed SLT: count =         101. 0110 - 0101 = 0000
Passed SLT: count =         102. 0110 - 0110 = 0000
Passed SLT: count =         103. 0110 - 0111 = 0001
Passed SLT: count =         104. 0110 - 1000 = 0001
Passed SLT: count =         105. 0110 - 1001 = 0001
Passed SLT: count =         106. 0110 - 1010 = 0001
Passed SLT: count =         107. 0110 - 1011 = 0001
Passed SLT: count =         108. 0110 - 1100 = 0001
Passed SLT: count =         109. 0110 - 1101 = 0001
Passed SLT: count =         110. 0110 - 1110 = 0001
Failed SLT : count =         111. 0110 - 1111 = 0000
Passed SLT: count =         112. 0111 - 0000 = 0000
Passed SLT: count =         113. 0111 - 0001 = 0000
Passed SLT: count =         114. 0111 - 0010 = 0000
Passed SLT: count =         115. 0111 - 0011 = 0000
Passed SLT: count =         116. 0111 - 0100 = 0000
Passed SLT: count =         117. 0111 - 0101 = 0000
Passed SLT: count =         118. 0111 - 0110 = 0000
Passed SLT: count =         119. 0111 - 0111 = 0000
Passed SLT: count =         120. 0111 - 1000 = 0001
Passed SLT: count =         121. 0111 - 1001 = 0001
Passed SLT: count =         122. 0111 - 1010 = 0001
Passed SLT: count =         123. 0111 - 1011 = 0001
Passed SLT: count =         124. 0111 - 1100 = 0001
Passed SLT: count =         125. 0111 - 1101 = 0001
Passed SLT: count =         126. 0111 - 1110 = 0001
Passed SLT: count =         127. 0111 - 1111 = 0001
Failed SLT : count =         128. 1000 - 0000 = 0001
Passed SLT: count =         129. 1000 - 0001 = 0000
Passed SLT: count =         130. 1000 - 0010 = 0000
Passed SLT: count =         131. 1000 - 0011 = 0000
Passed SLT: count =         132. 1000 - 0100 = 0000
Passed SLT: count =         133. 1000 - 0101 = 0000
Passed SLT: count =         134. 1000 - 0110 = 0000
Passed SLT: count =         135. 1000 - 0111 = 0000
Failed SLT : count =         136. 1000 - 1000 = 0001
Passed SLT: count =         137. 1000 - 1001 = 0001
Passed SLT: count =         138. 1000 - 1010 = 0001
Passed SLT: count =         139. 1000 - 1011 = 0001
Passed SLT: count =         140. 1000 - 1100 = 0001
Passed SLT: count =         141. 1000 - 1101 = 0001
Passed SLT: count =         142. 1000 - 1110 = 0001
Passed SLT: count =         143. 1000 - 1111 = 0001
Failed SLT : count =         144. 1001 - 0000 = 0001
Failed SLT : count =         145. 1001 - 0001 = 0001
Passed SLT: count =         146. 1001 - 0010 = 0000
Passed SLT: count =         147. 1001 - 0011 = 0000
Passed SLT: count =         148. 1001 - 0100 = 0000
Passed SLT: count =         149. 1001 - 0101 = 0000
Passed SLT: count =         150. 1001 - 0110 = 0000
Passed SLT: count =         151. 1001 - 0111 = 0000
Failed SLT : count =         152. 1001 - 1000 = 0001
Failed SLT : count =         153. 1001 - 1001 = 0001
Passed SLT: count =         154. 1001 - 1010 = 0001
Passed SLT: count =         155. 1001 - 1011 = 0001
Passed SLT: count =         156. 1001 - 1100 = 0001
Passed SLT: count =         157. 1001 - 1101 = 0001
Passed SLT: count =         158. 1001 - 1110 = 0001
Passed SLT: count =         159. 1001 - 1111 = 0001
Failed SLT : count =         160. 1010 - 0000 = 0001
Failed SLT : count =         161. 1010 - 0001 = 0001
Failed SLT : count =         162. 1010 - 0010 = 0001
Passed SLT: count =         163. 1010 - 0011 = 0000
Passed SLT: count =         164. 1010 - 0100 = 0000
Passed SLT: count =         165. 1010 - 0101 = 0000
Passed SLT: count =         166. 1010 - 0110 = 0000
Passed SLT: count =         167. 1010 - 0111 = 0000
Failed SLT : count =         168. 1010 - 1000 = 0001
Failed SLT : count =         169. 1010 - 1001 = 0001
Failed SLT : count =         170. 1010 - 1010 = 0001
Passed SLT: count =         171. 1010 - 1011 = 0001
Passed SLT: count =         172. 1010 - 1100 = 0001
Passed SLT: count =         173. 1010 - 1101 = 0001
Passed SLT: count =         174. 1010 - 1110 = 0001
Passed SLT: count =         175. 1010 - 1111 = 0001
Failed SLT : count =         176. 1011 - 0000 = 0001
Failed SLT : count =         177. 1011 - 0001 = 0001
Failed SLT : count =         178. 1011 - 0010 = 0001
Failed SLT : count =         179. 1011 - 0011 = 0001
Passed SLT: count =         180. 1011 - 0100 = 0000
Passed SLT: count =         181. 1011 - 0101 = 0000
Passed SLT: count =         182. 1011 - 0110 = 0000
Passed SLT: count =         183. 1011 - 0111 = 0000
Failed SLT : count =         184. 1011 - 1000 = 0001
Failed SLT : count =         185. 1011 - 1001 = 0001
Failed SLT : count =         186. 1011 - 1010 = 0001
Failed SLT : count =         187. 1011 - 1011 = 0001
Passed SLT: count =         188. 1011 - 1100 = 0001
Passed SLT: count =         189. 1011 - 1101 = 0001
Passed SLT: count =         190. 1011 - 1110 = 0001
Passed SLT: count =         191. 1011 - 1111 = 0001
Failed SLT : count =         192. 1100 - 0000 = 0001
Failed SLT : count =         193. 1100 - 0001 = 0001
Failed SLT : count =         194. 1100 - 0010 = 0001
Failed SLT : count =         195. 1100 - 0011 = 0001
Failed SLT : count =         196. 1100 - 0100 = 0001
Passed SLT: count =         197. 1100 - 0101 = 0000
Passed SLT: count =         198. 1100 - 0110 = 0000
Passed SLT: count =         199. 1100 - 0111 = 0000
Failed SLT : count =         200. 1100 - 1000 = 0001
Failed SLT : count =         201. 1100 - 1001 = 0001
Failed SLT : count =         202. 1100 - 1010 = 0001
Failed SLT : count =         203. 1100 - 1011 = 0001
Failed SLT : count =         204. 1100 - 1100 = 0001
Passed SLT: count =         205. 1100 - 1101 = 0001
Passed SLT: count =         206. 1100 - 1110 = 0001
Passed SLT: count =         207. 1100 - 1111 = 0001
Failed SLT : count =         208. 1101 - 0000 = 0001
Failed SLT : count =         209. 1101 - 0001 = 0001
Failed SLT : count =         210. 1101 - 0010 = 0001
Failed SLT : count =         211. 1101 - 0011 = 0001
Failed SLT : count =         212. 1101 - 0100 = 0001
Failed SLT : count =         213. 1101 - 0101 = 0001
Passed SLT: count =         214. 1101 - 0110 = 0000
Passed SLT: count =         215. 1101 - 0111 = 0000
Failed SLT : count =         216. 1101 - 1000 = 0001
Failed SLT : count =         217. 1101 - 1001 = 0001
Failed SLT : count =         218. 1101 - 1010 = 0001
Failed SLT : count =         219. 1101 - 1011 = 0001
Failed SLT : count =         220. 1101 - 1100 = 0001
Failed SLT : count =         221. 1101 - 1101 = 0001
Passed SLT: count =         222. 1101 - 1110 = 0001
Passed SLT: count =         223. 1101 - 1111 = 0001
Failed SLT : count =         224. 1110 - 0000 = 0001
Failed SLT : count =         225. 1110 - 0001 = 0001
Failed SLT : count =         226. 1110 - 0010 = 0001
Failed SLT : count =         227. 1110 - 0011 = 0001
Failed SLT : count =         228. 1110 - 0100 = 0001
Failed SLT : count =         229. 1110 - 0101 = 0001
Failed SLT : count =         230. 1110 - 0110 = 0001
Passed SLT: count =         231. 1110 - 0111 = 0000
Failed SLT : count =         232. 1110 - 1000 = 0001
Failed SLT : count =         233. 1110 - 1001 = 0001
Failed SLT : count =         234. 1110 - 1010 = 0001
Failed SLT : count =         235. 1110 - 1011 = 0001
Failed SLT : count =         236. 1110 - 1100 = 0001
Failed SLT : count =         237. 1110 - 1101 = 0001
Failed SLT : count =         238. 1110 - 1110 = 0001
Passed SLT: count =         239. 1110 - 1111 = 0001
Failed SLT : count =         240. 1111 - 0000 = 0001
Failed SLT : count =         241. 1111 - 0001 = 0001
Failed SLT : count =         242. 1111 - 0010 = 0001
Failed SLT : count =         243. 1111 - 0011 = 0001
Failed SLT : count =         244. 1111 - 0100 = 0001
Failed SLT : count =         245. 1111 - 0101 = 0001
Failed SLT : count =         246. 1111 - 0110 = 0001
Failed SLT : count =         247. 1111 - 0111 = 0001
Failed SLT : count =         248. 1111 - 1000 = 0001
Failed SLT : count =         249. 1111 - 1001 = 0001
Failed SLT : count =         250. 1111 - 1010 = 0001
Failed SLT : count =         251. 1111 - 1011 = 0001
Failed SLT : count =         252. 1111 - 1100 = 0001
Failed SLT : count =         253. 1111 - 1101 = 0001
Failed SLT : count =         254. 1111 - 1110 = 0001
Failed SLT : count =         255. 1111 - 1111 = 0001
   
  
